<?xml version="1.0" encoding="UTF-8"?>
<testng-results skipped="0" failed="1" ignored="0" total="1" passed="0">
  <reporter-output>
    <line>
      <![CDATA[02-Aug 09:24:24 AM: Get the TestData list corresponding to the module: Sample]]>
    </line>
    <line>
      <![CDATA[02-Aug 09:24:24 AM: Commented out the code for reading the excluded test cases from local sheet]]>
    </line>
    <line>
      <![CDATA[02-Aug 09:24:24 AM: Read the Test Data list of the corresponding module: Sample from the local Excel sheet]]>
    </line>
    <line>
      <![CDATA[02-Aug 09:24:44 AM: --------------------------------------------------]]>
    </line>
    <line>
      <![CDATA[02-Aug 09:24:44 AM: URL: https://memberportal.ibsplc.org/AirTahiti/auth/login]]>
    </line>
    <line>
      <![CDATA[02-Aug 09:24:46 AM: clicked lmp-login-page-memberid-chkbox]]>
    </line>
    <line>
      <![CDATA[02-Aug 09:24:55 AM: Entered user login credentials]]>
    </line>
    <line>
      <![CDATA[02-Aug 09:25:35 AM: Issue in scrolllmp-login-page-login-button]]>
    </line>
    <line>
      <![CDATA[02-Aug 09:25:55 AM: Clicked on login button]]>
    </line>
    <line>
      <![CDATA[02-Aug 09:26:35 AM: Issue in scrolllmp-home-page-welcome-label]]>
    </line>
  </reporter-output>
  <suite name="Default suite" duration-ms="151848" started-at="2024-08-02T09:24:24 IST" finished-at="2024-08-02T09:26:55 IST">
    <groups>
      <group name="Product_TestCases">
        <method signature="LoginTestCase.Product_TC_002()[pri:0, instance:com.ibs.lmp.testcases.product.LoginTestCase@2781e022]" name="Product_TC_002" class="com.ibs.lmp.testcases.product.LoginTestCase"/>
      </group> <!-- Product_TestCases -->
    </groups>
    <test name="Default test" duration-ms="151848" started-at="2024-08-02T09:24:24 IST" finished-at="2024-08-02T09:26:55 IST">
      <class name="com.ibs.lmp.testcases.product.LoginTestCase">
        <test-method status="PASS" signature="setExtent()[pri:0, instance:com.ibs.lmp.testcases.product.LoginTestCase@2781e022]" name="setExtent" is-config="true" duration-ms="206" started-at="2024-08-02T09:24:23 IST" finished-at="2024-08-02T09:24:24 IST">
          <reporter-output>
          </reporter-output>
        </test-method> <!-- setExtent -->
        <test-method status="FAIL" signature="Product_TC_002()[pri:0, instance:com.ibs.lmp.testcases.product.LoginTestCase@2781e022]" name="Product_TC_002" duration-ms="151800" started-at="2024-08-02T09:24:24 IST" finished-at="2024-08-02T09:26:55 IST">
          <exception class="org.openqa.selenium.WebDriverException">
            <message>
              <![CDATA[SecurityError: Permission denied to access property "pageXOffset" on cross-origin object
Build info: version: '4.8.3', revision: 'e5e76298c3'
System info: os.name: 'Mac OS X', os.arch: 'x86_64', os.version: '14.5', java.version: '1.8.0_371'
Driver info: org.openqa.selenium.firefox.FirefoxDriver
Command: [0d54cbfa-6388-418f-87fc-304aa7c95d8a, screenshot {}]
Capabilities {acceptInsecureCerts: true, browserName: firefox, browserVersion: 128.0.3, moz:accessibilityChecks: false, moz:buildID: 20240725162350, moz:debuggerAddress: 127.0.0.1:31870, moz:geckodriverVersion: 0.34.0, moz:headless: false, moz:platformVersion: 23.5.0, moz:processID: 65842, moz:profile: /var/folders/gb/7k95jb1922g..., moz:shutdownTimeout: 60000, moz:webdriverClick: true, moz:windowless: false, pageLoadStrategy: normal, platformName: MAC, proxy: Proxy(), se:cdp: ws://127.0.0.1:31870/devtoo..., se:cdpVersion: 85.0, setWindowRect: true, strictFileInteractability: false, timeouts: {implicit: 0, pageLoad: 300000, script: 30000}, unhandledPromptBehavior: dismiss and notify, userAgent: Mozilla/5.0 (Macintosh; Int...}
Session ID: 0d54cbfa-6388-418f-87fc-304aa7c95d8a]]>
            </message>
            <full-stacktrace>
              <![CDATA[org.openqa.selenium.WebDriverException: SecurityError: Permission denied to access property "pageXOffset" on cross-origin object
Build info: version: '4.8.3', revision: 'e5e76298c3'
System info: os.name: 'Mac OS X', os.arch: 'x86_64', os.version: '14.5', java.version: '1.8.0_371'
Driver info: org.openqa.selenium.firefox.FirefoxDriver
Command: [0d54cbfa-6388-418f-87fc-304aa7c95d8a, screenshot {}]
Capabilities {acceptInsecureCerts: true, browserName: firefox, browserVersion: 128.0.3, moz:accessibilityChecks: false, moz:buildID: 20240725162350, moz:debuggerAddress: 127.0.0.1:31870, moz:geckodriverVersion: 0.34.0, moz:headless: false, moz:platformVersion: 23.5.0, moz:processID: 65842, moz:profile: /var/folders/gb/7k95jb1922g..., moz:shutdownTimeout: 60000, moz:webdriverClick: true, moz:windowless: false, pageLoadStrategy: normal, platformName: MAC, proxy: Proxy(), se:cdp: ws://127.0.0.1:31870/devtoo..., se:cdpVersion: 85.0, setWindowRect: true, strictFileInteractability: false, timeouts: {implicit: 0, pageLoad: 300000, script: 30000}, unhandledPromptBehavior: dismiss and notify, userAgent: Mozilla/5.0 (Macintosh; Int...}
Session ID: 0d54cbfa-6388-418f-87fc-304aa7c95d8a
at sun.reflect.NativeConstructorAccessorImpl.newInstance0(Native Method)
at sun.reflect.NativeConstructorAccessorImpl.newInstance(NativeConstructorAccessorImpl.java:62)
at sun.reflect.DelegatingConstructorAccessorImpl.newInstance(DelegatingConstructorAccessorImpl.java:45)
at java.lang.reflect.Constructor.newInstance(Constructor.java:423)
at org.openqa.selenium.remote.codec.w3c.W3CHttpResponseCodec.createException(W3CHttpResponseCodec.java:200)
at org.openqa.selenium.remote.codec.w3c.W3CHttpResponseCodec.decode(W3CHttpResponseCodec.java:133)
at org.openqa.selenium.remote.codec.w3c.W3CHttpResponseCodec.decode(W3CHttpResponseCodec.java:53)
at org.openqa.selenium.remote.HttpCommandExecutor.execute(HttpCommandExecutor.java:193)
at org.openqa.selenium.remote.service.DriverCommandExecutor.invokeExecute(DriverCommandExecutor.java:183)
at org.openqa.selenium.remote.service.DriverCommandExecutor.execute(DriverCommandExecutor.java:158)
at org.openqa.selenium.remote.RemoteWebDriver.execute(RemoteWebDriver.java:543)
at org.openqa.selenium.remote.RemoteWebDriver.execute(RemoteWebDriver.java:598)
at org.openqa.selenium.remote.RemoteWebDriver.execute(RemoteWebDriver.java:602)
at org.openqa.selenium.remote.RemoteWebDriver.getScreenshotAs(RemoteWebDriver.java:318)
at com.ibs.utils.TestInitializeUtils.onTestFailureScreenshot(TestInitializeUtils.java:194)
at com.ibs.lmp.testcases.product.LoginTestCase.Product_TC_002(LoginTestCase.java:70)
at sun.reflect.NativeMethodAccessorImpl.invoke0(Native Method)
at sun.reflect.NativeMethodAccessorImpl.invoke(NativeMethodAccessorImpl.java:62)
at sun.reflect.DelegatingMethodAccessorImpl.invoke(DelegatingMethodAccessorImpl.java:43)
at java.lang.reflect.Method.invoke(Method.java:498)
at org.testng.internal.MethodInvocationHelper.invokeMethod(MethodInvocationHelper.java:133)
at org.testng.internal.TestInvoker.invokeMethod(TestInvoker.java:584)
at org.testng.internal.TestInvoker.invokeTestMethod(TestInvoker.java:172)
at org.testng.internal.MethodRunner.runInSequence(MethodRunner.java:46)
at org.testng.internal.TestInvoker$MethodInvocationAgent.invoke(TestInvoker.java:804)
at org.testng.internal.TestInvoker.invokeTestMethods(TestInvoker.java:145)
at org.testng.internal.TestMethodWorker.invokeTestMethods(TestMethodWorker.java:146)
at org.testng.internal.TestMethodWorker.run(TestMethodWorker.java:128)
at java.util.ArrayList.forEach(ArrayList.java:1259)
at org.testng.TestRunner.privateRun(TestRunner.java:770)
at org.testng.TestRunner.run(TestRunner.java:591)
at org.testng.SuiteRunner.runTest(SuiteRunner.java:402)
at org.testng.SuiteRunner.runSequentially(SuiteRunner.java:396)
at org.testng.SuiteRunner.privateRun(SuiteRunner.java:355)
at org.testng.SuiteRunner.run(SuiteRunner.java:304)
at org.testng.SuiteRunnerWorker.runSuite(SuiteRunnerWorker.java:53)
at org.testng.SuiteRunnerWorker.run(SuiteRunnerWorker.java:96)
at org.testng.TestNG.runSuitesSequentially(TestNG.java:1180)
at org.testng.TestNG.runSuitesLocally(TestNG.java:1102)
at org.testng.TestNG.runSuites(TestNG.java:1032)
at org.testng.TestNG.run(TestNG.java:1000)
at org.testng.remote.AbstractRemoteTestNG.run(AbstractRemoteTestNG.java:115)
at org.testng.remote.RemoteTestNG.initAndRun(RemoteTestNG.java:251)
at org.testng.remote.RemoteTestNG.main(RemoteTestNG.java:77)
]]>
            </full-stacktrace>
          </exception> <!-- org.openqa.selenium.WebDriverException -->
          <reporter-output>
            <line>
              <![CDATA[02-Aug 09:24:24 AM: Get the TestData list corresponding to the module: Sample]]>
            </line>
            <line>
              <![CDATA[02-Aug 09:24:24 AM: Commented out the code for reading the excluded test cases from local sheet]]>
            </line>
            <line>
              <![CDATA[02-Aug 09:24:24 AM: Read the Test Data list of the corresponding module: Sample from the local Excel sheet]]>
            </line>
            <line>
              <![CDATA[02-Aug 09:24:44 AM: --------------------------------------------------]]>
            </line>
            <line>
              <![CDATA[02-Aug 09:24:44 AM: URL: https://memberportal.ibsplc.org/AirTahiti/auth/login]]>
            </line>
            <line>
              <![CDATA[02-Aug 09:24:46 AM: clicked lmp-login-page-memberid-chkbox]]>
            </line>
            <line>
              <![CDATA[02-Aug 09:24:55 AM: Entered user login credentials]]>
            </line>
            <line>
              <![CDATA[02-Aug 09:25:35 AM: Issue in scrolllmp-login-page-login-button]]>
            </line>
            <line>
              <![CDATA[02-Aug 09:25:55 AM: Clicked on login button]]>
            </line>
            <line>
              <![CDATA[02-Aug 09:26:35 AM: Issue in scrolllmp-home-page-welcome-label]]>
            </line>
          </reporter-output>
        </test-method> <!-- Product_TC_002 -->
        <test-method status="PASS" signature="endReport()[pri:0, instance:com.ibs.lmp.testcases.product.LoginTestCase@2781e022]" name="endReport" is-config="true" duration-ms="456" started-at="2024-08-02T09:27:00 IST" finished-at="2024-08-02T09:27:01 IST">
          <reporter-output>
          </reporter-output>
        </test-method> <!-- endReport -->
      </class> <!-- com.ibs.lmp.testcases.product.LoginTestCase -->
    </test> <!-- Default test -->
  </suite> <!-- Default suite -->
</testng-results>
